Build started 2012-05-22 09:07:53.
     1>Project "C:\Users\Pabl92o\Documents\Projekty\Gra51\Gra\Gra\Gra.vcxproj" on node 2 (build target(s)).
     1>InitializeBuildStatus:
         Touching "Debug\Gra.unsuccessfulbuild".
       ClCompile:
         All outputs are up-to-date.
         c:\Program Files (x86)\Microsoft Visual Studio 10.0\VC\bin\CL.exe /c /ZI /nologo /W3 /WX- /Od /Oy- /D WIN32 /D _WINDOWS /D _DEBUG /D _UNICODE /D UNICODE /Gm /EHsc /RTC1 /MTd /GS /fp:precise /Zc:wchar_t /Zc:forScope /Yu"StdAfx.h" /Fp"Debug\Gra.pch" /Fo"Debug\\" /Fd"Debug\vc100.pdb" /Gd /TP /analyze- /errorReport:prompt GraDlg.cpp
         GraDlg.cpp
       ResourceCompile:
         All outputs are up-to-date.
       ManifestResourceCompile:
         All outputs are up-to-date.
       Link:
         c:\Program Files (x86)\Microsoft Visual Studio 10.0\VC\bin\link.exe /ERRORREPORT:PROMPT /OUT:"C:\Users\Pabl92o\Documents\Projekty\Gra51\Gra\Debug\Gra.exe" /INCREMENTAL /NOLOGO /MANIFEST /ManifestFile:"Debug\Gra.exe.intermediate.manifest" /MANIFESTUAC:"level='asInvoker' uiAccess='false'" /DEBUG /PDB:"C:\Users\Pabl92o\Documents\Projekty\Gra51\Gra\Debug\Gra.pdb" /SUBSYSTEM:WINDOWS /TLBID:1 /ENTRY:"wWinMainCRTStartup" /DYNAMICBASE /NXCOMPAT /IMPLIB:"C:\Users\Pabl92o\Documents\Projekty\Gra51\Gra\Debug\Gra.lib" /MACHINE:X86 Debug\Gra.res
         Debug\Gra.exe.embed.manifest.res
         Debug\Boki.obj
         Debug\Bonus.obj
         Debug\Figura.obj
         Debug\Gra.obj
         Debug\GraDlg.obj
         Debug\Kulka.obj
         Debug\openGLview.obj
         Debug\Podloga.obj
         Debug\Podstawa.obj
         Debug\Poziom1.obj
         Debug\Poziom2.obj
         Debug\Poziom3.obj
         Debug\Poziom4.obj
         Debug\Poziomy.obj
         Debug\RgbImage.obj
         Debug\Sciany.obj
         Debug\Sfera.obj
         Debug\stdafx.obj
         Debug\Stozek.obj
         Debug\zpr.obj
       Manifest:
         C:\Program Files (x86)\Microsoft SDKs\Windows\v7.0A\bin\mt.exe /nologo /verbose /out:"Debug\Gra.exe.embed.manifest" /manifest Debug\Gra.exe.intermediate.manifest "c:\Program Files (x86)\Microsoft Visual Studio 10.0\VC\Include\Manifest\dpiaware.manifest"
         All outputs are up-to-date.
       LinkEmbedManifest:
         All outputs are up-to-date.
         Gra.vcxproj -> C:\Users\Pabl92o\Documents\Projekty\Gra51\Gra\Debug\Gra.exe
       FinalizeBuildStatus:
         Deleting file "Debug\Gra.unsuccessfulbuild".
         Touching "Debug\Gra.lastbuildstate".
     1>Done Building Project "C:\Users\Pabl92o\Documents\Projekty\Gra51\Gra\Gra\Gra.vcxproj" (build target(s)).

Build succeeded.

Time Elapsed 00:00:03.26
