C:\USERS\PABL92O\DOCUMENTS\PROJEKTY\GRA\DEBUG\GRA.EXE
C:\USERS\PABL92O\DOCUMENTS\PROJEKTY\GRA\DEBUG\GRA.ILK
C:\USERS\PABL92O\DOCUMENTS\PROJEKTY\GRA\DEBUG\GRA.PDB
C:\USERS\PABL92O\DOCUMENTS\PROJEKTY\GRA\GRA\DEBUG\BOKI.OBJ
C:\USERS\PABL92O\DOCUMENTS\PROJEKTY\GRA\GRA\DEBUG\BONUS.OBJ
C:\USERS\PABL92O\DOCUMENTS\PROJEKTY\GRA\GRA\DEBUG\BONUSY_DZIALANIE.OBJ
C:\Users\Pabl92o\Documents\Projekty\Gra\Gra\Debug\cl.command.1.tlog
C:\Users\Pabl92o\Documents\Projekty\Gra\Gra\Debug\CL.read.1.tlog
C:\Users\Pabl92o\Documents\Projekty\Gra\Gra\Debug\CL.write.1.tlog
C:\USERS\PABL92O\DOCUMENTS\PROJEKTY\GRA\GRA\DEBUG\FIGURA.OBJ
C:\USERS\PABL92O\DOCUMENTS\PROJEKTY\GRA\GRA\DEBUG\GRA.EXE.EMBED.MANIFEST
C:\USERS\PABL92O\DOCUMENTS\PROJEKTY\GRA\GRA\DEBUG\GRA.EXE.EMBED.MANIFEST.RES
C:\USERS\PABL92O\DOCUMENTS\PROJEKTY\GRA\GRA\DEBUG\GRA.EXE.INTERMEDIATE.MANIFEST
C:\USERS\PABL92O\DOCUMENTS\PROJEKTY\GRA\GRA\DEBUG\GRA.OBJ
C:\USERS\PABL92O\DOCUMENTS\PROJEKTY\GRA\GRA\DEBUG\GRA.PCH
C:\USERS\PABL92O\DOCUMENTS\PROJEKTY\GRA\GRA\DEBUG\GRA.RES
C:\Users\Pabl92o\Documents\Projekty\Gra\Gra\Debug\Gra_manifest.rc
C:\USERS\PABL92O\DOCUMENTS\PROJEKTY\GRA\GRA\DEBUG\GRADLG.OBJ
C:\USERS\PABL92O\DOCUMENTS\PROJEKTY\GRA\GRA\DEBUG\KULKA.OBJ
C:\Users\Pabl92o\Documents\Projekty\Gra\Gra\Debug\link.7060.read.1.tlog
C:\Users\Pabl92o\Documents\Projekty\Gra\Gra\Debug\link.7060.write.1.tlog
C:\Users\Pabl92o\Documents\Projekty\Gra\Gra\Debug\link.7060-cvtres.read.1.tlog
C:\Users\Pabl92o\Documents\Projekty\Gra\Gra\Debug\link.7060-cvtres.write.1.tlog
C:\Users\Pabl92o\Documents\Projekty\Gra\Gra\Debug\link.command.1.tlog
C:\Users\Pabl92o\Documents\Projekty\Gra\Gra\Debug\link.read.1.tlog
C:\Users\Pabl92o\Documents\Projekty\Gra\Gra\Debug\link.write.1.tlog
C:\Users\Pabl92o\Documents\Projekty\Gra\Gra\Debug\link-cvtres.read.1.tlog
C:\Users\Pabl92o\Documents\Projekty\Gra\Gra\Debug\link-cvtres.write.1.tlog
C:\Users\Pabl92o\Documents\Projekty\Gra\Gra\Debug\mt.command.1.tlog
C:\Users\Pabl92o\Documents\Projekty\Gra\Gra\Debug\mt.read.1.tlog
C:\Users\Pabl92o\Documents\Projekty\Gra\Gra\Debug\mt.write.1.tlog
C:\USERS\PABL92O\DOCUMENTS\PROJEKTY\GRA\GRA\DEBUG\OPENGLVIEW.OBJ
C:\USERS\PABL92O\DOCUMENTS\PROJEKTY\GRA\GRA\DEBUG\PODLOGA.OBJ
C:\USERS\PABL92O\DOCUMENTS\PROJEKTY\GRA\GRA\DEBUG\PODSTAWA.OBJ
C:\USERS\PABL92O\DOCUMENTS\PROJEKTY\GRA\GRA\DEBUG\POZIOM1.OBJ
C:\USERS\PABL92O\DOCUMENTS\PROJEKTY\GRA\GRA\DEBUG\POZIOM2.OBJ
C:\USERS\PABL92O\DOCUMENTS\PROJEKTY\GRA\GRA\DEBUG\POZIOM3.OBJ
C:\USERS\PABL92O\DOCUMENTS\PROJEKTY\GRA\GRA\DEBUG\POZIOM4.OBJ
C:\USERS\PABL92O\DOCUMENTS\PROJEKTY\GRA\GRA\DEBUG\POZIOMY.OBJ
C:\Users\Pabl92o\Documents\Projekty\Gra\Gra\Debug\rc.command.1.tlog
C:\Users\Pabl92o\Documents\Projekty\Gra\Gra\Debug\rc.read.1.tlog
C:\Users\Pabl92o\Documents\Projekty\Gra\Gra\Debug\rc.write.1.tlog
C:\USERS\PABL92O\DOCUMENTS\PROJEKTY\GRA\GRA\DEBUG\RGBIMAGE.OBJ
C:\USERS\PABL92O\DOCUMENTS\PROJEKTY\GRA\GRA\DEBUG\SCIANY.OBJ
C:\USERS\PABL92O\DOCUMENTS\PROJEKTY\GRA\GRA\DEBUG\SFERA.OBJ
C:\USERS\PABL92O\DOCUMENTS\PROJEKTY\GRA\GRA\DEBUG\STDAFX.OBJ
C:\USERS\PABL92O\DOCUMENTS\PROJEKTY\GRA\GRA\DEBUG\STOZEK.OBJ
C:\Users\Pabl92o\Documents\Projekty\Gra\Gra\Debug\vc100.idb
C:\USERS\PABL92O\DOCUMENTS\PROJEKTY\GRA\GRA\DEBUG\VC100.PDB
C:\USERS\PABL92O\DOCUMENTS\PROJEKTY\GRA\GRA\DEBUG\ZPR.OBJ
